<?xml version="1.0" encoding="UTF-8"?>
<!-- Generated by org.testng.reporters.JUnitXMLReporter -->
<testsuite ignored="0" hostname="LAPTOP-ARSD71AA" failures="2" tests="2" name="Test" time="93.164" errors="0" timestamp="2022-10-23T19:49:16 IST">
  <testcase classname="TestClasses.VerifyUserLogin" name="VerifyUserLogin" time="1.539">
    <failure type="java.lang.AssertionError" message="expected [true] but found [false]">
      <![CDATA[java.lang.AssertionError: expected [true] but found [false]
at TestClasses.VerifyUserLogin.VerifyUserLogin(VerifyUserLogin.java:43)
at java.base/java.util.ArrayList.forEach(ArrayList.java:1511)
... Removed 31 stack frames]]>
    </failure>
  </testcase> <!-- VerifyUserLogin -->
  <testcase classname="TestClasses.VerifyUserGetLowestPriceProduct" name="VerifyUserGetLowestPriceProduct" time="2.175">
    <failure type="org.openqa.selenium.ElementClickInterceptedException" message="element click intercepted: Element &amp;lt;a class=&amp;quot;ge-49M&amp;quot; href=&amp;quot;/search?q=oppo&amp;amp;amp;otracker=search&amp;amp;amp;otracker1=search&amp;amp;amp;marketplace=FLIPKART&amp;amp;amp;as-show=off&amp;amp;amp;as=off&amp;amp;amp;page=...&amp;quot;&amp;gt;2&amp;lt;/a&amp;gt; is not clickable at point (783, 692). Other element would receive the click: &amp;lt;div class=&amp;quot;_2hriZF _2rbIyg&amp;quot; tabindex=&amp;quot;-1&amp;quot;&amp;gt;...&amp;lt;/div&amp;gt;
  (Session info: chrome=106.0.5249.119)
Build info: version: &amp;apos;4.4.0&amp;apos;, revision: &amp;apos;e5c75ed026a&amp;apos;
System info: host: &amp;apos;LAPTOP-ARSD71AA&amp;apos;, ip: &amp;apos;192.168.1.103&amp;apos;, os.name: &amp;apos;Windows 10&amp;apos;, os.arch: &amp;apos;amd64&amp;apos;, os.version: &amp;apos;10.0&amp;apos;, java.version: &amp;apos;17.0.3&amp;apos;
Driver info: org.openqa.selenium.chrome.ChromeDriver
Command: [87fc96969c84be241b9ae691a0b14d69, clickElement {id=37e7dfb0-908f-45c9-bc38-08f237d82010}]
Capabilities {acceptInsecureCerts: false, browserName: chrome, browserVersion: 106.0.5249.119, chrome: {chromedriverVersion: 106.0.5249.61 (511755355844..., userDataDir: C:\Users\Gayatri\AppData\Lo...}, goog:chromeOptions: {debuggerAddress: localhost:63195}, networkConnectionEnabled: false, pageLoadStrategy: normal, platformName: WINDOWS, proxy: Proxy(), se:cdp: ws://localhost:63195/devtoo..., se:cdpVersion: 106.0.5249.119, setWindowRect: true, strictFileInteractability: false, timeouts: {implicit: 0, pageLoad: 300000, script: 30000}, unhandledPromptBehavior: dismiss and notify, webauthn:extension:credBlob: true, webauthn:extension:largeBlob: true, webauthn:virtualAuthenticators: true}
Element: [[ChromeDriver: chrome on WINDOWS (87fc96969c84be241b9ae691a0b14d69)] -&amp;gt; xpath: //a[@class=&amp;apos;ge-49M&amp;apos; and text()=&amp;apos;2&amp;apos;]]
Session ID: 87fc96969c84be241b9ae691a0b14d69">
      <![CDATA[org.openqa.selenium.ElementClickInterceptedException: element click intercepted: Element <a class="ge-49M" href="/search?q=oppo&amp;otracker=search&amp;otracker1=search&amp;marketplace=FLIPKART&amp;as-show=off&amp;as=off&amp;page=...">2</a> is not clickable at point (783, 692). Other element would receive the click: <div class="_2hriZF _2rbIyg" tabindex="-1">...</div>
  (Session info: chrome=106.0.5249.119)
Build info: version: '4.4.0', revision: 'e5c75ed026a'
System info: host: 'LAPTOP-ARSD71AA', ip: '192.168.1.103', os.name: 'Windows 10', os.arch: 'amd64', os.version: '10.0', java.version: '17.0.3'
Driver info: org.openqa.selenium.chrome.ChromeDriver
Command: [87fc96969c84be241b9ae691a0b14d69, clickElement {id=37e7dfb0-908f-45c9-bc38-08f237d82010}]
Capabilities {acceptInsecureCerts: false, browserName: chrome, browserVersion: 106.0.5249.119, chrome: {chromedriverVersion: 106.0.5249.61 (511755355844..., userDataDir: C:\Users\Gayatri\AppData\Lo...}, goog:chromeOptions: {debuggerAddress: localhost:63195}, networkConnectionEnabled: false, pageLoadStrategy: normal, platformName: WINDOWS, proxy: Proxy(), se:cdp: ws://localhost:63195/devtoo..., se:cdpVersion: 106.0.5249.119, setWindowRect: true, strictFileInteractability: false, timeouts: {implicit: 0, pageLoad: 300000, script: 30000}, unhandledPromptBehavior: dismiss and notify, webauthn:extension:credBlob: true, webauthn:extension:largeBlob: true, webauthn:virtualAuthenticators: true}
Element: [[ChromeDriver: chrome on WINDOWS (87fc96969c84be241b9ae691a0b14d69)] -> xpath: //a[@class='ge-49M' and text()='2']]
Session ID: 87fc96969c84be241b9ae691a0b14d69
at org.openqa.selenium.remote.codec.w3c.W3CHttpResponseCodec.createException(W3CHttpResponseCodec.java:200)
at org.openqa.selenium.remote.codec.w3c.W3CHttpResponseCodec.decode(W3CHttpResponseCodec.java:133)
at org.openqa.selenium.remote.codec.w3c.W3CHttpResponseCodec.decode(W3CHttpResponseCodec.java:53)
at org.openqa.selenium.remote.HttpCommandExecutor.execute(HttpCommandExecutor.java:184)
at org.openqa.selenium.remote.service.DriverCommandExecutor.invokeExecute(DriverCommandExecutor.java:167)
at org.openqa.selenium.remote.service.DriverCommandExecutor.execute(DriverCommandExecutor.java:142)
at org.openqa.selenium.remote.RemoteWebDriver.execute(RemoteWebDriver.java:547)
at org.openqa.selenium.remote.RemoteWebElement.execute(RemoteWebElement.java:257)
at org.openqa.selenium.remote.RemoteWebElement.click(RemoteWebElement.java:78)
at PomClasses.homepage.switchPage(homepage.java:78)
at TestClasses.VerifyUserGetLowestPriceProduct.VerifyUserGetLowestPriceProduct(VerifyUserGetLowestPriceProduct.java:38)
at java.base/java.util.ArrayList.forEach(ArrayList.java:1511)
... Removed 32 stack frames]]>
    </failure>
  </testcase> <!-- VerifyUserGetLowestPriceProduct -->
</testsuite> <!-- Test -->
